<?xml version="1.0" encoding="UTF-8"?>
<!-- Generated by org.testng.reporters.JUnitReportReporter -->
<testsuite hostname="Daniels-MacBook-Air.local" name="org.ndnx.ndn.protocol.NDNTimeTest" tests="12" failures="0" timestamp="11 Dec 2013 06:59:44 GMT" time="0.040" errors="0">
  <testcase name="testNow" time="0.002" classname="org.ndnx.ndn.protocol.NDNTimeTest"/>
  <testcase name="testNDNTimeTimestamp" time="0.001" classname="org.ndnx.ndn.protocol.NDNTimeTest"/>
  <testcase name="testSetNanos" time="0.002" classname="org.ndnx.ndn.protocol.NDNTimeTest"/>
  <testcase name="testNDNTimeLong" time="0.002" classname="org.ndnx.ndn.protocol.NDNTimeTest"/>
  <testcase name="testBeforeAfterTimestamp" time="0.001" classname="org.ndnx.ndn.protocol.NDNTimeTest"/>
  <testcase name="testCompareToTimestamp" time="0.001" classname="org.ndnx.ndn.protocol.NDNTimeTest"/>
  <testcase name="testNDNTime" time="0.002" classname="org.ndnx.ndn.protocol.NDNTimeTest"/>
  <testcase name="testCompareToDate" time="0.001" classname="org.ndnx.ndn.protocol.NDNTimeTest"/>
  <testcase name="testBeforeAfterDate" time="0.001" classname="org.ndnx.ndn.protocol.NDNTimeTest"/>
  <testcase name="testBinaryArray" time="0.001" classname="org.ndnx.ndn.protocol.NDNTimeTest"/>
  <testcase name="testNDNTimeDate" time="0.001" classname="org.ndnx.ndn.protocol.NDNTimeTest"/>
  <testcase name="testSetTime" time="0.025" classname="org.ndnx.ndn.protocol.NDNTimeTest"/>
</testsuite> <!-- org.ndnx.ndn.protocol.NDNTimeTest -->
